<?xml version="1.0" encoding="UTF-8"?>
<!-- Generated by org.testng.reporters.JUnitReportReporter -->
<testsuite hostname="MAVBCP2932" failures="0" tests="1" name="seleniumproject.Sample" time="15.116" errors="0" timestamp="2021-09-23T10:47:48 IST" skipped="0">
  <testcase classname="seleniumproject.Sample" name="mavsel" time="15.116"/>
  <system-out/>
</testsuite> <!-- seleniumproject.Sample -->
