<?xml version="1.0" encoding="UTF-8"?>
<!-- Generated by org.testng.reporters.JUnitReportReporter -->
<testsuite hostname="MAVBCP2932" failures="0" tests="2" name="seleniumproject.CrossBrowsersScript" time="37.880" errors="0" timestamp="2021-09-23T11:29:13 IST" skipped="0">
  <testcase classname="seleniumproject.CrossBrowsersScript" name="testParameterWithXML" time="19.478"/>
  <system-out/>
  <testcase classname="seleniumproject.CrossBrowsersScript" name="testParameterWithXML" time="18.402"/>
  <system-out/>
</testsuite> <!-- seleniumproject.CrossBrowsersScript -->
