<?xml version="1.0" encoding="UTF-8"?>
<!-- Generated by org.testng.reporters.JUnitReportReporter -->
<testsuite hostname="MAVBCP2932" failures="0" tests="2" name="seleniumproject.RecorderScript" time="42.540" errors="0" timestamp="2021-09-28T12:38:40 IST" skipped="0">
  <testcase classname="seleniumproject.RecorderScript" name="testParameterWithXML" time="24.467"/>
  <system-out/>
  <testcase classname="seleniumproject.RecorderScript" name="testParameterWithXML" time="18.073"/>
  <system-out/>
</testsuite> <!-- seleniumproject.RecorderScript -->
