<?xml version="1.0" encoding="UTF-8"?>
<!-- Generated by org.testng.reporters.JUnitReportReporter -->
<testsuite hostname="MAVBCP2932" failures="0" tests="2" name="seleniumproject.CrossBrowserScript" time="164.653" errors="0" timestamp="2021-09-26T16:01:31 IST" skipped="0">
  <testcase classname="seleniumproject.CrossBrowserScript" name="testParameterWithXML" time="92.599"/>
  <system-out/>
  <testcase classname="seleniumproject.CrossBrowserScript" name="testParameterWithXML" time="72.054"/>
  <system-out/>
</testsuite> <!-- seleniumproject.CrossBrowserScript -->
