<?xml version="1.0" encoding="UTF-8"?>
<!-- Generated by org.testng.reporters.JUnitReportReporter -->
<testsuite hostname="MAVBCP2932" failures="0" tests="1" name="seleniumproject.CrossBrowsresScript" time="19.024" errors="0" timestamp="2021-09-23T11:18:59 IST" skipped="0">
  <testcase classname="seleniumproject.CrossBrowsresScript" name="testParameterWithXML" time="19.024"/>
  <system-out/>
</testsuite> <!-- seleniumproject.CrossBrowsresScript -->
